Build started 6/8/2014 6:27:31 PM.
     1>Project "C:\Users\Tazz\Documents\GitHub\TPS_Undergrad_Thesis\src\FinalProject.vcxproj" on node 2 (build target(s)).
     1>InitializeBuildStatus:
         Creating "Release\FinalProject.unsuccessfulbuild" because "AlwaysCreate" was specified.
       ClCompile:
         c:\Program Files (x86)\Microsoft Visual Studio 10.0\VC\bin\CL.exe /c /IC:\boost_1_55_0 /IC:\boost_1_55_0\libs /Zi /nologo /W3 /WX- /O2 /Oi /Oy- /GL /D _MBCS /Gm- /EHsc /MD /GS /Gy /fp:precise /Zc:wchar_t /Zc:forScope /Fo"Release\\" /Fd"Release\vc100.pdb" /Gd /TP /analyze- /errorReport:prompt main.cpp
         main.cpp
       Link:
         c:\Program Files (x86)\Microsoft Visual Studio 10.0\VC\bin\link.exe /ERRORREPORT:PROMPT /OUT:"C:\Users\Tazz\Documents\GitHub\TPS_Undergrad_Thesis\src\Release\FinalProject.exe" /NOLOGO kernel32.lib user32.lib gdi32.lib winspool.lib comdlg32.lib advapi32.lib shell32.lib ole32.lib oleaut32.lib uuid.lib odbc32.lib odbccp32.lib /MANIFEST /ManifestFile:"Release\FinalProject.exe.intermediate.manifest" /MANIFESTUAC:"level='asInvoker' uiAccess='false'" /DEBUG /PDB:"C:\Users\Tazz\Documents\GitHub\TPS_Undergrad_Thesis\src\Release\FinalProject.pdb" /OPT:REF /OPT:ICF /LTCG /TLBID:1 /DYNAMICBASE /NXCOMPAT /IMPLIB:"C:\Users\Tazz\Documents\GitHub\TPS_Undergrad_Thesis\src\Release\FinalProject.lib" /MACHINE:X86 Release\main.obj
         Generating code
         Finished generating code
         FinalProject.vcxproj -> C:\Users\Tazz\Documents\GitHub\TPS_Undergrad_Thesis\src\Release\FinalProject.exe
       Manifest:
         C:\Program Files (x86)\Microsoft SDKs\Windows\v7.0A\bin\mt.exe /nologo /verbose /outputresource:"C:\Users\Tazz\Documents\GitHub\TPS_Undergrad_Thesis\src\Release\FinalProject.exe;#1" /manifest Release\FinalProject.exe.intermediate.manifest
       FinalizeBuildStatus:
         Deleting file "Release\FinalProject.unsuccessfulbuild".
         Touching "Release\FinalProject.lastbuildstate".
     1>Done Building Project "C:\Users\Tazz\Documents\GitHub\TPS_Undergrad_Thesis\src\FinalProject.vcxproj" (build target(s)).

Build succeeded.

Time Elapsed 00:00:07.66
